<?xml version="1.0" encoding="UTF-8"?>
<!-- Generated by org.testng.reporters.JUnitReportReporter -->
<testsuite hostname="EC2AMAZ-SHBFDH9" failures="0" tests="1" name="testcases.POM_NG" time="8.928" errors="0" timestamp="29 May 2018 11:32:24 GMT" skipped="0">
  <testcase classname="testcases.POM_NG" name="f" time="8.928"/>
</testsuite> <!-- testcases.POM_NG -->
